This is pdfTeX, Version 3.14159265-2.6-1.40.21 (TeX Live 2020) (preloaded format=pdflatex 2020.9.19)  1 OCT 2022 14:36
entering extended mode
 \write18 enabled.
 %&-line parsing enabled.
**control_notes.tex
(./control_notes.tex
LaTeX2e <2020-02-02> patch level 5
L3 programming layer <2020-09-06>
(/mnt/bigp/texlive/texcopy/texlive/2020/texmf-dist/tex/latex/base/book.cls
Document Class: book 2019/12/20 v1.4l Standard LaTeX document class
(/mnt/bigp/texlive/texcopy/texlive/2020/texmf-dist/tex/latex/base/bk10.clo
File: bk10.clo 2019/12/20 v1.4l Standard LaTeX file (size option)
)
\c@part=\count168
\c@chapter=\count169
\c@section=\count170
\c@subsection=\count171
\c@subsubsection=\count172
\c@paragraph=\count173
\c@subparagraph=\count174
\c@figure=\count175
\c@table=\count176
\abovecaptionskip=\skip47
\belowcaptionskip=\skip48
\bibindent=\dimen134
)
(/mnt/bigp/texlive/texcopy/texlive/2020/texmf-dist/tex/latex/amsmath/amsmath.st
y
Package: amsmath 2020/01/20 v2.17e AMS math features
\@mathmargin=\skip49

For additional information on amsmath, use the `?' option.

(/mnt/bigp/texlive/texcopy/texlive/2020/texmf-dist/tex/latex/amsmath/amstext.st
y
Package: amstext 2000/06/29 v2.01 AMS text

(/mnt/bigp/texlive/texcopy/texlive/2020/texmf-dist/tex/latex/amsmath/amsgen.sty
File: amsgen.sty 1999/11/30 v2.0 generic functions
\@emptytoks=\toks15
\ex@=\dimen135
))
(/mnt/bigp/texlive/texcopy/texlive/2020/texmf-dist/tex/latex/amsmath/amsbsy.sty
Package: amsbsy 1999/11/29 v1.2d Bold Symbols
\pmbraise@=\dimen136
)
(/mnt/bigp/texlive/texcopy/texlive/2020/texmf-dist/tex/latex/amsmath/amsopn.sty
Package: amsopn 2016/03/08 v2.02 operator names
)
\inf@bad=\count177
LaTeX Info: Redefining \frac on input line 227.
\uproot@=\count178
\leftroot@=\count179
LaTeX Info: Redefining \overline on input line 389.
\classnum@=\count180
\DOTSCASE@=\count181
LaTeX Info: Redefining \ldots on input line 486.
LaTeX Info: Redefining \dots on input line 489.
LaTeX Info: Redefining \cdots on input line 610.
\Mathstrutbox@=\box45
\strutbox@=\box46
\big@size=\dimen137
LaTeX Font Info:    Redeclaring font encoding OML on input line 733.
LaTeX Font Info:    Redeclaring font encoding OMS on input line 734.
\macc@depth=\count182
\c@MaxMatrixCols=\count183
\dotsspace@=\muskip16
\c@parentequation=\count184
\dspbrk@lvl=\count185
\tag@help=\toks16
\row@=\count186
\column@=\count187
\maxfields@=\count188
\andhelp@=\toks17
\eqnshift@=\dimen138
\alignsep@=\dimen139
\tagshift@=\dimen140
\tagwidth@=\dimen141
\totwidth@=\dimen142
\lineht@=\dimen143
\@envbody=\toks18
\multlinegap=\skip50
\multlinetaggap=\skip51
\mathdisplay@stack=\toks19
LaTeX Info: Redefining \[ on input line 2859.
LaTeX Info: Redefining \] on input line 2860.
)
(/mnt/bigp/texlive/texcopy/texlive/2020/texmf-dist/tex/latex/amsfonts/amssymb.s
ty
Package: amssymb 2013/01/14 v3.01 AMS font symbols

(/mnt/bigp/texlive/texcopy/texlive/2020/texmf-dist/tex/latex/amsfonts/amsfonts.
sty
Package: amsfonts 2013/01/14 v3.01 Basic AMSFonts support
\symAMSa=\mathgroup4
\symAMSb=\mathgroup5
LaTeX Font Info:    Redeclaring math symbol \hbar on input line 98.
LaTeX Font Info:    Overwriting math alphabet `\mathfrak' in version `bold'
(Font)                  U/euf/m/n --> U/euf/b/n on input line 106.
))
(/mnt/bigp/texlive/texcopy/texlive/2020/texmf-dist/tex/latex/base/fontenc.sty
Package: fontenc 2020/02/11 v2.0o Standard LaTeX package
)
(/mnt/bigp/texlive/texcopy/texlive/2020/texmf-dist/tex/latex/tools/bm.sty
Package: bm 2019/07/24 v1.2d Bold Symbol Support (DPC/FMi)
\symboldoperators=\mathgroup6
\symboldletters=\mathgroup7
\symboldsymbols=\mathgroup8
LaTeX Font Info:    Redeclaring math alphabet \mathbf on input line 141.
LaTeX Info: Redefining \bm on input line 209.
)
(/mnt/bigp/texlive/texcopy/texlive/2020/texmf-dist/tex/latex/tools/array.sty
Package: array 2019/08/31 v2.4l Tabular extension package (FMi)
\col@sep=\dimen144
\ar@mcellbox=\box47
\extrarowheight=\dimen145
\NC@list=\toks20
\extratabsurround=\skip52
\backup@length=\skip53
\ar@cellbox=\box48
)
(/mnt/bigp/texlive/texcopy/texlive/2020/texmf-dist/tex/latex/graphics/graphicx.
sty
Package: graphicx 2019/11/30 v1.2a Enhanced LaTeX Graphics (DPC,SPQR)

(/mnt/bigp/texlive/texcopy/texlive/2020/texmf-dist/tex/latex/graphics/keyval.st
y
Package: keyval 2014/10/28 v1.15 key=value parser (DPC)
\KV@toks@=\toks21
)
(/mnt/bigp/texlive/texcopy/texlive/2020/texmf-dist/tex/latex/graphics/graphics.
sty
Package: graphics 2019/11/30 v1.4a Standard LaTeX Graphics (DPC,SPQR)

(/mnt/bigp/texlive/texcopy/texlive/2020/texmf-dist/tex/latex/graphics/trig.sty
Package: trig 2016/01/03 v1.10 sin cos tan (DPC)
)
(/mnt/bigp/texlive/texcopy/texlive/2020/texmf-dist/tex/latex/graphics-cfg/graph
ics.cfg
File: graphics.cfg 2016/06/04 v1.11 sample graphics configuration
)
Package graphics Info: Driver file: pdftex.def on input line 105.

(/mnt/bigp/texlive/texcopy/texlive/2020/texmf-dist/tex/latex/graphics-def/pdfte
x.def
File: pdftex.def 2020/08/26 v1.2 Graphics/color driver for pdftex
))
\Gin@req@height=\dimen146
\Gin@req@width=\dimen147
)
(/mnt/bigp/texlive/texcopy/texlive/2020/texmf-dist/tex/latex/base/inputenc.sty
Package: inputenc 2018/08/11 v1.3c Input encoding file
\inpenc@prehook=\toks22
\inpenc@posthook=\toks23
)
\c@theorem=\count189
\c@definition=\count190
\c@proposition=\count191
\c@problem=\count192

(/mnt/bigp/texlive/texcopy/texlive/2020/texmf-dist/tex/latex/l3backend/l3backen
d-pdftex.def
File: l3backend-pdftex.def 2020-09-11 L3 backend support: PDF output (pdfTeX)
\l__kernel_color_stack_int=\count193
\l__pdf_internal_box=\box49
) (./control_notes.aux)
\openout1 = `control_notes.aux'.

LaTeX Font Info:    Checking defaults for OML/cmm/m/it on input line 23.
LaTeX Font Info:    ... okay on input line 23.
LaTeX Font Info:    Checking defaults for OMS/cmsy/m/n on input line 23.
LaTeX Font Info:    ... okay on input line 23.
LaTeX Font Info:    Checking defaults for OT1/cmr/m/n on input line 23.
LaTeX Font Info:    ... okay on input line 23.
LaTeX Font Info:    Checking defaults for T1/cmr/m/n on input line 23.
LaTeX Font Info:    ... okay on input line 23.
LaTeX Font Info:    Checking defaults for TS1/cmr/m/n on input line 23.
LaTeX Font Info:    ... okay on input line 23.
LaTeX Font Info:    Checking defaults for OMX/cmex/m/n on input line 23.
LaTeX Font Info:    ... okay on input line 23.
LaTeX Font Info:    Checking defaults for U/cmr/m/n on input line 23.
LaTeX Font Info:    ... okay on input line 23.

(/mnt/bigp/texlive/texcopy/texlive/2020/texmf-dist/tex/context/base/mkii/supp-p
df.mkii
[Loading MPS to PDF converter (version 2006.09.02).]
\scratchcounter=\count194
\scratchdimen=\dimen148
\scratchbox=\box50
\nofMPsegments=\count195
\nofMParguments=\count196
\everyMPshowfont=\toks24
\MPscratchCnt=\count197
\MPscratchDim=\dimen149
\MPnumerator=\count198
\makeMPintoPDFobject=\count199
\everyMPtoPDFconversion=\toks25
)
(/mnt/bigp/texlive/texcopy/texlive/2020/texmf-dist/tex/latex/epstopdf-pkg/epsto
pdf-base.sty
Package: epstopdf-base 2020-01-24 v2.11 Base part for package epstopdf

(/mnt/bigp/texlive/texcopy/texlive/2020/texmf-dist/tex/generic/infwarerr/infwar
err.sty
Package: infwarerr 2019/12/03 v1.5 Providing info/warning/error messages (HO)
)
(/mnt/bigp/texlive/texcopy/texlive/2020/texmf-dist/tex/latex/grfext/grfext.sty
Package: grfext 2019/12/03 v1.3 Manage graphics extensions (HO)

(/mnt/bigp/texlive/texcopy/texlive/2020/texmf-dist/tex/generic/kvdefinekeys/kvd
efinekeys.sty
Package: kvdefinekeys 2019-12-19 v1.6 Define keys (HO)
))
(/mnt/bigp/texlive/texcopy/texlive/2020/texmf-dist/tex/latex/kvoptions/kvoption
s.sty
Package: kvoptions 2019/11/29 v3.13 Key value format for package options (HO)

(/mnt/bigp/texlive/texcopy/texlive/2020/texmf-dist/tex/generic/ltxcmds/ltxcmds.
sty
Package: ltxcmds 2019/12/15 v1.24 LaTeX kernel commands for general use (HO)
)
(/mnt/bigp/texlive/texcopy/texlive/2020/texmf-dist/tex/generic/kvsetkeys/kvsetk
eys.sty
Package: kvsetkeys 2019/12/15 v1.18 Key value parser (HO)
))
(/mnt/bigp/texlive/texcopy/texlive/2020/texmf-dist/tex/generic/pdftexcmds/pdfte
xcmds.sty
Package: pdftexcmds 2020-06-27 v0.33 Utility functions of pdfTeX for LuaTeX (HO
)

(/mnt/bigp/texlive/texcopy/texlive/2020/texmf-dist/tex/generic/iftex/iftex.sty
Package: iftex 2020/03/06 v1.0d TeX engine tests
)
Package pdftexcmds Info: \pdf@primitive is available.
Package pdftexcmds Info: \pdf@ifprimitive is available.
Package pdftexcmds Info: \pdfdraftmode found.
)
Package epstopdf-base Info: Redefining graphics rule for `.eps' on input line 4
85.
Package grfext Info: Graphics extension search list:
(grfext)             [.pdf,.png,.jpg,.mps,.jpeg,.jbig2,.jb2,.PDF,.PNG,.JPG,.JPE
G,.JBIG2,.JB2,.eps]
(grfext)             \AppendGraphicsExtensions on input line 504.

(/mnt/bigp/texlive/texcopy/texlive/2020/texmf-dist/tex/latex/latexconfig/epstop
df-sys.cfg
File: epstopdf-sys.cfg 2010/07/13 v1.3 Configuration of (r)epstopdf for TeX Liv
e
))
LaTeX Font Info:    Trying to load font information for U+msa on input line 25.


(/mnt/bigp/texlive/texcopy/texlive/2020/texmf-dist/tex/latex/amsfonts/umsa.fd
File: umsa.fd 2013/01/14 v3.01 AMS symbols A
)
LaTeX Font Info:    Trying to load font information for U+msb on input line 25.


(/mnt/bigp/texlive/texcopy/texlive/2020/texmf-dist/tex/latex/amsfonts/umsb.fd
File: umsb.fd 2013/01/14 v3.01 AMS symbols B
)
[1


{/mnt/bigp/texlive/texcopy/texlive/2020/texmf-var/fonts/map/pdftex/updmap/pdfte
x.map}]
Chapter 1.
[1

]
Overfull \hbox (11.48288pt too wide) in paragraph at lines 82--84
[]\T1/cmr/m/it/10 Find an op-ti-mal in-put $\OML/cmm/m/it/10 u[]\OT1/cmr/m/n/10
 (\OML/cmm/m/it/10 t\OT1/cmr/m/n/10 )$\T1/cmr/m/it/10 ,
 []

[2]
Overfull \hbox (156.78088pt too wide) detected at line 167
\OML/cmm/m/it/10 J[]\OT1/cmr/m/n/10 (\OML/cmm/m/it/10 x\OT1/cmr/m/n/10 (\OML/cm
m/m/it/10 t\OT1/cmr/m/n/10 )\OML/cmm/m/it/10 ; t\OT1/cmr/m/n/10 ) = [] []
 []


Overfull \hbox (2.7758pt too wide) in paragraph at lines 206--207
[]\T1/cmr/m/it/10 Consider a lin-ear time in-variat sys-tem hav-
 []

[3] [4] [5] (./control_notes.aux) ) 
Here is how much of TeX's memory you used:
 3229 strings out of 480876
 43909 string characters out of 5907582
 284595 words of memory out of 5000000
 18783 multiletter control sequences out of 15000+600000
 558412 words of font info for 88 fonts, out of 8000000 for 9000
 1141 hyphenation exceptions out of 8191
 40i,10n,37p,241b,237s stack positions out of 5000i,500n,10000p,200000b,80000s
{/mnt/bigp/texlive/texcopy/texlive/2020/texm
f-dist/fonts/enc/dvips/cm-super/cm-super-t1.enc}</mnt/bigp/texlive/texcopy/texl
ive/2020/texmf-dist/fonts/type1/public/amsfonts/cm/cmbx10.pfb></mnt/bigp/texliv
e/texcopy/texlive/2020/texmf-dist/fonts/type1/public/amsfonts/cm/cmex10.pfb></m
nt/bigp/texlive/texcopy/texlive/2020/texmf-dist/fonts/type1/public/amsfonts/cm/
cmmi10.pfb></mnt/bigp/texlive/texcopy/texlive/2020/texmf-dist/fonts/type1/publi
c/amsfonts/cm/cmmi5.pfb></mnt/bigp/texlive/texcopy/texlive/2020/texmf-dist/font
s/type1/public/amsfonts/cm/cmmi7.pfb></mnt/bigp/texlive/texcopy/texlive/2020/te
xmf-dist/fonts/type1/public/amsfonts/cm/cmmib10.pfb></mnt/bigp/texlive/texcopy/
texlive/2020/texmf-dist/fonts/type1/public/amsfonts/cm/cmr10.pfb></mnt/bigp/tex
live/texcopy/texlive/2020/texmf-dist/fonts/type1/public/amsfonts/cm/cmr5.pfb></
mnt/bigp/texlive/texcopy/texlive/2020/texmf-dist/fonts/type1/public/amsfonts/cm
/cmr7.pfb></mnt/bigp/texlive/texcopy/texlive/2020/texmf-dist/fonts/type1/public
/amsfonts/cm/cmsy10.pfb></mnt/bigp/texlive/texcopy/texlive/2020/texmf-dist/font
s/type1/public/amsfonts/cm/cmsy7.pfb></mnt/bigp/texlive/texcopy/texlive/2020/te
xmf-dist/fonts/type1/public/amsfonts/symbols/msam10.pfb></mnt/bigp/texlive/texc
opy/texlive/2020/texmf-dist/fonts/type1/public/amsfonts/symbols/msbm10.pfb></mn
t/bigp/texlive/texcopy/texlive/2020/texmf-dist/fonts/type1/public/cm-super/sfbi
1000.pfb></mnt/bigp/texlive/texcopy/texlive/2020/texmf-dist/fonts/type1/public/
cm-super/sfbx1000.pfb></mnt/bigp/texlive/texcopy/texlive/2020/texmf-dist/fonts/
type1/public/cm-super/sfbx1200.pfb></mnt/bigp/texlive/texcopy/texlive/2020/texm
f-dist/fonts/type1/public/cm-super/sfbx1440.pfb></mnt/bigp/texlive/texcopy/texl
ive/2020/texmf-dist/fonts/type1/public/cm-super/sfbx2074.pfb></mnt/bigp/texlive
/texcopy/texlive/2020/texmf-dist/fonts/type1/public/cm-super/sfbx2488.pfb></mnt
/bigp/texlive/texcopy/texlive/2020/texmf-dist/fonts/type1/public/cm-super/sfrm1
000.pfb></mnt/bigp/texlive/texcopy/texlive/2020/texmf-dist/fonts/type1/public/c
m-super/sfrm1200.pfb></mnt/bigp/texlive/texcopy/texlive/2020/texmf-dist/fonts/t
ype1/public/cm-super/sfrm1728.pfb></mnt/bigp/texlive/texcopy/texlive/2020/texmf
-dist/fonts/type1/public/cm-super/sfsl1000.pfb></mnt/bigp/texlive/texcopy/texli
ve/2020/texmf-dist/fonts/type1/public/cm-super/sfti1000.pfb>
Output written on control_notes.pdf (6 pages, 277814 bytes).
PDF statistics:
 120 PDF objects out of 1000 (max. 8388607)
 87 compressed objects within 1 object stream
 0 named destinations out of 1000 (max. 500000)
 1 words of extra memory for PDF output out of 10000 (max. 10000000)

